Using pre-set license
Built from '2021.1/staging' branch; Version is '2021.1.5f1 (3737af19df53) revision 3618735'; Using compiler version '192528614'; Build Type 'Release'
OS: 'Windows 10 Home; OS build 19042.1052; Version 2009; 64bit' Language: 'fr' Physical Memory: 8103 MB
BatchMode: 1, IsHumanControllingUs: 0, StartBugReporterOnCrash: 0, Is64bit: 1, IsPro: 0

 COMMAND LINE ARGUMENTS:
C:\Program Files\Unity\Hub\Editor\2021.1.5f1\Editor\Unity.exe
-adb2
-batchMode
-noUpm
-name
AssetImportWorker1
-projectPath
C:/Users/Lauriane/OneDrive/Documents/Cours/Telecom/IGR205/WFC-3D/WFC-3D
-logFile
Logs/AssetImportWorker1.log
-srvPort
56290
Successfully changed project path to: C:/Users/Lauriane/OneDrive/Documents/Cours/Telecom/IGR205/WFC-3D/WFC-3D
C:/Users/Lauriane/OneDrive/Documents/Cours/Telecom/IGR205/WFC-3D/WFC-3D
Using Asset Import Pipeline V2.
Refreshing native plugins compatible for Editor in 5791.23 ms, found 1 plugins.
Preloading 0 native plugins for Editor in 0.00 ms.
Initialize engine version: 2021.1.5f1 (3737af19df53)
[Subsystems] Discovering subsystems at path C:/Program Files/Unity/Hub/Editor/2021.1.5f1/Editor/Data/Resources/UnitySubsystems
[Subsystems] Discovering subsystems at path C:/Users/Lauriane/OneDrive/Documents/Cours/Telecom/IGR205/WFC-3D/WFC-3D/Assets
GfxDevice: creating device client; threaded=0; jobified=0
Direct3D:
    Version:  Direct3D 11.0 [level 11.1]
    Renderer: Intel(R) HD Graphics 520 (ID=0x1916)
    Vendor:   Intel
    VRAM:     4051 MB
    Driver:   22.20.16.4836
